Warning: Design 'Bicubic' has '3' unresolved references. For more detailed information, use the "link" command. (UID-341)
 
****************************************
Report : timing
        -path full
        -delay max
        -max_paths 1
Design : Bicubic
Version: T-2022.03
Date   : Wed Mar 27 20:09:04 2024
****************************************

Operating Conditions: slow   Library: slow
Wire Load Model Mode: top

  Startpoint: RST (input port clocked by CLK)
  Endpoint: p0_base_reg[0]
            (rising edge-triggered flip-flop clocked by CLK)
  Path Group: CLK
  Path Type: max

  Des/Clust/Port     Wire Load Model       Library
  ------------------------------------------------
  Bicubic            tsmc13_wl10           slow

  Point                                                   Incr       Path
  --------------------------------------------------------------------------
  clock CLK (rise edge)                                   0.00       0.00
  clock network delay (ideal)                             0.50       0.50
  input external delay                                    1.00       1.50 f
  RST (in)                                                0.37       1.87 f
  I_73/Z (GTECH_NOT)                                      0.00       1.87 r
  C3558/Z (GTECH_AND2)                                    0.00       1.87 r
  p0_base_reg[0]/synch_enable (**SEQGEN**)                0.00       1.87 r
  data arrival time                                                  1.87

  clock CLK (rise edge)                                   8.00       8.00
  clock network delay (ideal)                             0.50       8.50
  clock uncertainty                                      -0.10       8.40
  p0_base_reg[0]/clocked_on (**SEQGEN**)                  0.00       8.40 r
  library setup time                                      0.00       8.40
  data required time                                                 8.40
  --------------------------------------------------------------------------
  data required time                                                 8.40
  data arrival time                                                 -1.87
  --------------------------------------------------------------------------
  slack (MET)                                                        6.53


1
