irun(64): 15.20-s084: (c) Copyright 1995-2020 Cadence Design Systems, Inc.
TOOL:	irun(64)	15.20-s084: Started on Mar 27, 2024 at 20:21:12 CST
irun
	tb.sv
	Bicubic.v
	-v ImgROM.v
	-v ResultSRAM.v
	+define+P1
	+access+r
	-clean
	+nc64bit
irun: *N,CLEAN: Removing existing directory ./INCA_libs.
file: tb.sv
	module worklib.testfixture:sv
		errors: 0, warnings: 0
file: Bicubic.v
	module worklib.DW_div:v
		errors: 0, warnings: 0
	module worklib.Bicubic:v
		errors: 0, warnings: 0
file: ImgROM.v
	module ImgROM.ImgROM:v
		errors: 0, warnings: 0
file: ResultSRAM.v
	module ResultSRAM.ResultSRAM:v
		errors: 0, warnings: 0
		Caching library 'ImgROM' ....... Done
		Caching library 'worklib' ....... Done
		Caching library 'ResultSRAM' ....... Done
	Elaborating the design hierarchy:
	Top level design units:
		testfixture
ncelab: *W,DSEMEL: This SystemVerilog design will be simulated as per IEEE 1800-2009 SystemVerilog simulation semantics. Use -disable_sem2009 option for turning off SV 2009 simulation semantics.
	Building instance overlay tables: ......
	$readmemb("ImgROM.rcf", mem );
	                          |
ncelab: *W,MEMODR (./ImgROM.v,130|27): $readmem default memory order incompatible with IEEE1364.
.............. Done
	Generating native compiled code:
		ImgROM.ImgROM:v <0x3df2ac4d>
			streams:  13, words:  6492
		ResultSRAM.ResultSRAM:v <0x78ee5791>
			streams:  16, words: 10379
		worklib.Bicubic:v <0x5d65d3d7>
			streams:  34, words: 26302
		worklib.DW_div:v <0x22a23a7e>
			streams:   8, words: 13965
		worklib.DW_div:v <0x5317723d>
			streams:   8, words: 20860
		worklib.testfixture:sv <0x7827e650>
			streams:  32, words: 45836
	Building instance specific data structures.
	Loading native compiled code:     .................... Done
	Design hierarchy summary:
		                 Instances  Unique
		Modules:                 6       5
		Primitives:             57       1
		Timing outputs:         16       1
		Registers:             251     201
		Scalar wires:           29       -
		Expanded wires:         52       5
		Vectored wires:         20       -
		Always blocks:          12      11
		Initial blocks:         12      11
		Cont. assignments:      14      19
		Pseudo assignments:      8       8
		Timing checks:         162      42
		Simulation timescale:  1ps
	Writing initial simulation snapshot: worklib.testfixture:sv
Loading snapshot worklib.testfixture:sv .................... Done
ncsim: *W,DSEM2009: This SystemVerilog design is simulated as per IEEE 1800-2009 SystemVerilog simulation semantics. Use -disable_sem2009 option for turning off SV 2009 simulation semantics.
*Verdi* Loading libsscore_ius152.so
ncsim> source /usr/cad/cadence/INCISIV/cur/tools/inca/files/ncsimrc
ncsim> run
FSDB Dumper for IUS, Release Verdi_Q-2020.03, Linux x86_64/64bit, 02/09/2020
(C) 1996 - 2020 by Synopsys, Inc.
*Verdi* FSDB WARNING: The FSDB file already exists. Overwriting the FSDB file may crash the programs that are using this file.
*Verdi* : Create FSDB file 'Bicubic.fsdb'
*Verdi* : Begin traversing the scopes, layer (0).
*Verdi* : End of traversing.
*Verdi* : Begin traversing the MDAs, layer (0).
*Verdi* : Enable +mda and +packedmda dumping.
*Verdi* : End of traversing the MDAs.
*******************************
** Simulation Start          **
*******************************
WARNING: testfixture.u_Bicubic.u_div.DWF_div_uns: Division by zero
WARNING: testfixture.u_Bicubic.u_div.DWF_rem_uns: Division by zero
== PATTERN pattern1
WARNING: testfixture.u_Bicubic.u_div.DWF_div_uns: Division by zero
WARNING: testfixture.u_Bicubic.u_div.DWF_rem_uns: Division by zero
WARNING: testfixture.u_Bicubic.u_div.DWF_div_uns: Division by zero
WARNING: testfixture.u_Bicubic.u_div.DWF_rem_uns: Division by zero
WARNING: testfixture.u_Bicubic.u_div.DWF_div_uns: Division by zero
WARNING: testfixture.u_Bicubic.u_div.DWF_rem_uns: Division by zero
WARNING: testfixture.u_Bicubic.u_div.DWF_div_uns: Division by zero
WARNING: testfixture.u_Bicubic.u_div.DWF_rem_uns: Division by zero
WARNING: testfixture.u_Bicubic.u_div.DWF_div_uns: Division by zero
WARNING: testfixture.u_Bicubic.u_div.DWF_rem_uns: Division by zero
WARNING: testfixture.u_Bicubic.u_div.DWF_div_uns: Division by zero
WARNING: testfixture.u_Bicubic.u_div.DWF_rem_uns: Division by zero
WARNING: testfixture.u_Bicubic.u_div.DWF_div_uns: Division by zero
WARNING: testfixture.u_Bicubic.u_div.DWF_rem_uns: Division by zero
WARNING: testfixture.u_Bicubic.u_div.DWF_div_uns: Division by zero
WARNING: testfixture.u_Bicubic.u_div.DWF_rem_uns: Division by zero
WARNING: testfixture.u_Bicubic.u_div.DWF_div_uns: Division by zero
WARNING: testfixture.u_Bicubic.u_div.DWF_rem_uns: Division by zero
WARNING: testfixture.u_Bicubic.u_div.DWF_div_uns: Division by zero
WARNING: testfixture.u_Bicubic.u_div.DWF_rem_uns: Division by zero
WARNING: testfixture.u_Bicubic.u_div.DWF_div_uns: Division by zero
WARNING: testfixture.u_Bicubic.u_div.DWF_rem_uns: Division by zero
WARNING: testfixture.u_Bicubic.u_div.DWF_div_uns: Division by zero
WARNING: testfixture.u_Bicubic.u_div.DWF_rem_uns: Division by zero
WARNING: testfixture.u_Bicubic.u_div.DWF_div_uns: Division by zero
WARNING: testfixture.u_Bicubic.u_div.DWF_rem_uns: Division by zero
WARNING: testfixture.u_Bicubic.u_div.DWF_div_uns: Division by zero
WARNING: testfixture.u_Bicubic.u_div.DWF_rem_uns: Division by zero
WARNING: testfixture.u_Bicubic.u_div.DWF_div_uns: Division by zero
WARNING: testfixture.u_Bicubic.u_div.DWF_rem_uns: Division by zero
WARNING: testfixture.u_Bicubic.u_div.DWF_div_uns: Division by zero
WARNING: testfixture.u_Bicubic.u_div.DWF_rem_uns: Division by zero
WARNING: testfixture.u_Bicubic.u_div.DWF_div_uns: Division by zero
WARNING: testfixture.u_Bicubic.u_div.DWF_rem_uns: Division by zero
WARNING: testfixture.u_Bicubic.u_div.DWF_div_uns: Division by zero
WARNING: testfixture.u_Bicubic.u_div.DWF_rem_uns: Division by zero
WARNING: testfixture.u_Bicubic.u_div.DWF_div_uns: Division by zero
WARNING: testfixture.u_Bicubic.u_div.DWF_rem_uns: Division by zero
WARNING: testfixture.u_Bicubic.u_div.DWF_div_uns: Division by zero
WARNING: testfixture.u_Bicubic.u_div.DWF_rem_uns: Division by zero
WARNING: testfixture.u_Bicubic.u_div.DWF_div_uns: Division by zero
WARNING: testfixture.u_Bicubic.u_div.DWF_rem_uns: Division by zero
WARNING: testfixture.u_Bicubic.u_div.DWF_div_uns: Division by zero
WARNING: testfixture.u_Bicubic.u_div.DWF_rem_uns: Division by zero
WARNING: testfixture.u_Bicubic.u_div.DWF_div_uns: Division by zero
WARNING: testfixture.u_Bicubic.u_div.DWF_rem_uns: Division by zero
WARNING: testfixture.u_Bicubic.u_div.DWF_div_uns: Division by zero
WARNING: testfixture.u_Bicubic.u_div.DWF_rem_uns: Division by zero
WARNING: testfixture.u_Bicubic.u_div.DWF_div_uns: Division by zero
WARNING: testfixture.u_Bicubic.u_div.DWF_rem_uns: Division by zero
WARNING: testfixture.u_Bicubic.u_div.DWF_div_uns: Division by zero
WARNING: testfixture.u_Bicubic.u_div.DWF_rem_uns: Division by zero
WARNING: testfixture.u_Bicubic.u_div.DWF_div_uns: Division by zero
WARNING: testfixture.u_Bicubic.u_div.DWF_rem_uns: Division by zero
WARNING: testfixture.u_Bicubic.u_div.DWF_div_uns: Division by zero
WARNING: testfixture.u_Bicubic.u_div.DWF_rem_uns: Division by zero
WARNING: testfixture.u_Bicubic.u_div.DWF_div_uns: Division by zero
WARNING: testfixture.u_Bicubic.u_div.DWF_rem_uns: Division by zero
WARNING: testfixture.u_Bicubic.u_div.DWF_div_uns: Division by zero
WARNING: testfixture.u_Bicubic.u_div.DWF_rem_uns: Division by zero
WARNING: testfixture.u_Bicubic.u_div.DWF_div_uns: Division by zero
WARNING: testfixture.u_Bicubic.u_div.DWF_rem_uns: Division by zero
WARNING: testfixture.u_Bicubic.u_div.DWF_div_uns: Division by zero
WARNING: testfixture.u_Bicubic.u_div.DWF_rem_uns: Division by zero
WARNING: testfixture.u_Bicubic.u_div.DWF_div_uns: Division by zero
WARNING: testfixture.u_Bicubic.u_div.DWF_rem_uns: Division by zero
WARNING: testfixture.u_Bicubic.u_div.DWF_div_uns: Division by zero
WARNING: testfixture.u_Bicubic.u_div.DWF_rem_uns: Division by zero
WARNING: testfixture.u_Bicubic.u_div.DWF_div_uns: Division by zero
WARNING: testfixture.u_Bicubic.u_div.DWF_rem_uns: Division by zero
WARNING: testfixture.u_Bicubic.u_div.DWF_div_uns: Division by zero
WARNING: testfixture.u_Bicubic.u_div.DWF_rem_uns: Division by zero
WARNING: testfixture.u_Bicubic.u_div.DWF_div_uns: Division by zero
WARNING: testfixture.u_Bicubic.u_div.DWF_rem_uns: Division by zero
WARNING: testfixture.u_Bicubic.u_div.DWF_div_uns: Division by zero
WARNING: testfixture.u_Bicubic.u_div.DWF_rem_uns: Division by zero
WARNING: testfixture.u_Bicubic.u_div.DWF_div_uns: Division by zero
WARNING: testfixture.u_Bicubic.u_div.DWF_rem_uns: Division by zero
WARNING: testfixture.u_Bicubic.u_div.DWF_div_uns: Division by zero
WARNING: testfixture.u_Bicubic.u_div.DWF_rem_uns: Division by zero
WARNING: testfixture.u_Bicubic.u_div.DWF_div_uns: Division by zero
WARNING: testfixture.u_Bicubic.u_div.DWF_rem_uns: Division by zero
WARNING: testfixture.u_Bicubic.u_div.DWF_div_uns: Division by zero
WARNING: testfixture.u_Bicubic.u_div.DWF_rem_uns: Division by zero
WARNING: testfixture.u_Bicubic.u_div.DWF_div_uns: Division by zero
WARNING: testfixture.u_Bicubic.u_div.DWF_rem_uns: Division by zero
WARNING: testfixture.u_Bicubic.u_div.DWF_div_uns: Division by zero
WARNING: testfixture.u_Bicubic.u_div.DWF_rem_uns: Division by zero
WARNING: testfixture.u_Bicubic.u_div.DWF_div_uns: Division by zero
WARNING: testfixture.u_Bicubic.u_div.DWF_rem_uns: Division by zero
WARNING: testfixture.u_Bicubic.u_div.DWF_div_uns: Division by zero
WARNING: testfixture.u_Bicubic.u_div.DWF_rem_uns: Division by zero
WARNING: testfixture.u_Bicubic.u_div.DWF_div_uns: Division by zero
WARNING: testfixture.u_Bicubic.u_div.DWF_rem_uns: Division by zero
WARNING: testfixture.u_Bicubic.u_div.DWF_div_uns: Division by zero
WARNING: testfixture.u_Bicubic.u_div.DWF_rem_uns: Division by zero
WARNING: testfixture.u_Bicubic.u_div.DWF_div_uns: Division by zero
WARNING: testfixture.u_Bicubic.u_div.DWF_rem_uns: Division by zero
WARNING: testfixture.u_Bicubic.u_div.DWF_div_uns: Division by zero
WARNING: testfixture.u_Bicubic.u_div.DWF_rem_uns: Division by zero
WARNING: testfixture.u_Bicubic.u_div.DWF_div_uns: Division by zero
WARNING: testfixture.u_Bicubic.u_div.DWF_rem_uns: Division by zero
WARNING: testfixture.u_Bicubic.u_div.DWF_div_uns: Division by zero
WARNING: testfixture.u_Bicubic.u_div.DWF_rem_uns: Division by zero
WARNING: testfixture.u_Bicubic.u_div.DWF_div_uns: Division by zero
WARNING: testfixture.u_Bicubic.u_div.DWF_rem_uns: Division by zero
WARNING: testfixture.u_Bicubic.u_div.DWF_div_uns: Division by zero
WARNING: testfixture.u_Bicubic.u_div.DWF_rem_uns: Division by zero
WARNING: testfixture.u_Bicubic.u_div.DWF_div_uns: Division by zero
WARNING: testfixture.u_Bicubic.u_div.DWF_rem_uns: Division by zero
WARNING: testfixture.u_Bicubic.u_div.DWF_div_uns: Division by zero
WARNING: testfixture.u_Bicubic.u_div.DWF_rem_uns: Division by zero
WARNING: testfixture.u_Bicubic.u_div.DWF_div_uns: Division by zero
WARNING: testfixture.u_Bicubic.u_div.DWF_rem_uns: Division by zero
WARNING: testfixture.u_Bicubic.u_div.DWF_div_uns: Division by zero
WARNING: testfixture.u_Bicubic.u_div.DWF_rem_uns: Division by zero
WARNING: testfixture.u_Bicubic.u_div.DWF_div_uns: Division by zero
WARNING: testfixture.u_Bicubic.u_div.DWF_rem_uns: Division by zero
WARNING: testfixture.u_Bicubic.u_div.DWF_div_uns: Division by zero
WARNING: testfixture.u_Bicubic.u_div.DWF_rem_uns: Division by zero
WARNING: testfixture.u_Bicubic.u_div.DWF_div_uns: Division by zero
WARNING: testfixture.u_Bicubic.u_div.DWF_rem_uns: Division by zero
WARNING: testfixture.u_Bicubic.u_div.DWF_div_uns: Division by zero
WARNING: testfixture.u_Bicubic.u_div.DWF_rem_uns: Division by zero
WARNING: testfixture.u_Bicubic.u_div.DWF_div_uns: Division by zero
WARNING: testfixture.u_Bicubic.u_div.DWF_rem_uns: Division by zero
WARNING: testfixture.u_Bicubic.u_div.DWF_div_uns: Division by zero
WARNING: testfixture.u_Bicubic.u_div.DWF_rem_uns: Division by zero
WARNING: testfixture.u_Bicubic.u_div.DWF_div_uns: Division by zero
WARNING: testfixture.u_Bicubic.u_div.DWF_rem_uns: Division by zero
WARNING: testfixture.u_Bicubic.u_div.DWF_div_uns: Division by zero
WARNING: testfixture.u_Bicubic.u_div.DWF_rem_uns: Division by zero
WARNING: testfixture.u_Bicubic.u_div.DWF_div_uns: Division by zero
WARNING: testfixture.u_Bicubic.u_div.DWF_rem_uns: Division by zero
WARNING: testfixture.u_Bicubic.u_div.DWF_div_uns: Division by zero
WARNING: testfixture.u_Bicubic.u_div.DWF_rem_uns: Division by zero
WARNING: testfixture.u_Bicubic.u_div.DWF_div_uns: Division by zero
WARNING: testfixture.u_Bicubic.u_div.DWF_rem_uns: Division by zero
WARNING: testfixture.u_Bicubic.u_div.DWF_div_uns: Division by zero
WARNING: testfixture.u_Bicubic.u_div.DWF_rem_uns: Division by zero
WARNING: testfixture.u_Bicubic.u_div.DWF_div_uns: Division by zero
WARNING: testfixture.u_Bicubic.u_div.DWF_rem_uns: Division by zero
WARNING: testfixture.u_Bicubic.u_div.DWF_div_uns: Division by zero
WARNING: testfixture.u_Bicubic.u_div.DWF_rem_uns: Division by zero
WARNING: testfixture.u_Bicubic.u_div.DWF_div_uns: Division by zero
WARNING: testfixture.u_Bicubic.u_div.DWF_rem_uns: Division by zero
WARNING: testfixture.u_Bicubic.u_div.DWF_div_uns: Division by zero
WARNING: testfixture.u_Bicubic.u_div.DWF_rem_uns: Division by zero
WARNING: testfixture.u_Bicubic.u_div.DWF_div_uns: Division by zero
WARNING: testfixture.u_Bicubic.u_div.DWF_rem_uns: Division by zero
WARNING: testfixture.u_Bicubic.u_div.DWF_div_uns: Division by zero
WARNING: testfixture.u_Bicubic.u_div.DWF_rem_uns: Division by zero
WARNING: testfixture.u_Bicubic.u_div.DWF_div_uns: Division by zero
WARNING: testfixture.u_Bicubic.u_div.DWF_rem_uns: Division by zero
WARNING: testfixture.u_Bicubic.u_div.DWF_div_uns: Division by zero
WARNING: testfixture.u_Bicubic.u_div.DWF_rem_uns: Division by zero
WARNING: testfixture.u_Bicubic.u_div.DWF_div_uns: Division by zero
WARNING: testfixture.u_Bicubic.u_div.DWF_rem_uns: Division by zero
WARNING: testfixture.u_Bicubic.u_div.DWF_div_uns: Division by zero
WARNING: testfixture.u_Bicubic.u_div.DWF_rem_uns: Division by zero
WARNING: testfixture.u_Bicubic.u_div.DWF_div_uns: Division by zero
WARNING: testfixture.u_Bicubic.u_div.DWF_rem_uns: Division by zero
WARNING: testfixture.u_Bicubic.u_div.DWF_div_uns: Division by zero
WARNING: testfixture.u_Bicubic.u_div.DWF_rem_uns: Division by zero
WARNING: testfixture.u_Bicubic.u_div.DWF_div_uns: Division by zero
WARNING: testfixture.u_Bicubic.u_div.DWF_rem_uns: Division by zero
WARNING: testfixture.u_Bicubic.u_div.DWF_div_uns: Division by zero
WARNING: testfixture.u_Bicubic.u_div.DWF_rem_uns: Division by zero
WARNING: testfixture.u_Bicubic.u_div.DWF_div_uns: Division by zero
WARNING: testfixture.u_Bicubic.u_div.DWF_rem_uns: Division by zero
WARNING: testfixture.u_Bicubic.u_div.DWF_div_uns: Division by zero
WARNING: testfixture.u_Bicubic.u_div.DWF_rem_uns: Division by zero
WARNING: testfixture.u_Bicubic.u_div.DWF_div_uns: Division by zero
WARNING: testfixture.u_Bicubic.u_div.DWF_rem_uns: Division by zero
WARNING: testfixture.u_Bicubic.u_div.DWF_div_uns: Division by zero
WARNING: testfixture.u_Bicubic.u_div.DWF_rem_uns: Division by zero
WARNING: testfixture.u_Bicubic.u_div.DWF_div_uns: Division by zero
WARNING: testfixture.u_Bicubic.u_div.DWF_rem_uns: Division by zero
WARNING: testfixture.u_Bicubic.u_div.DWF_div_uns: Division by zero
WARNING: testfixture.u_Bicubic.u_div.DWF_rem_uns: Division by zero
WARNING: testfixture.u_Bicubic.u_div.DWF_div_uns: Division by zero
WARNING: testfixture.u_Bicubic.u_div.DWF_rem_uns: Division by zero
WARNING: testfixture.u_Bicubic.u_div.DWF_div_uns: Division by zero
WARNING: testfixture.u_Bicubic.u_div.DWF_rem_uns: Division by zero
WARNING: testfixture.u_Bicubic.u_div.DWF_div_uns: Division by zero
WARNING: testfixture.u_Bicubic.u_div.DWF_rem_uns: Division by zero
WARNING: testfixture.u_Bicubic.u_div.DWF_div_uns: Division by zero
WARNING: testfixture.u_Bicubic.u_div.DWF_rem_uns: Division by zero
WARNING: testfixture.u_Bicubic.u_div.DWF_div_uns: Division by zero
WARNING: testfixture.u_Bicubic.u_div.DWF_rem_uns: Division by zero
WARNING: testfixture.u_Bicubic.u_div.DWF_div_uns: Division by zero
WARNING: testfixture.u_Bicubic.u_div.DWF_rem_uns: Division by zero
WARNING: testfixture.u_Bicubic.u_div.DWF_div_uns: Division by zero
WARNING: testfixture.u_Bicubic.u_div.DWF_rem_uns: Division by zero
WARNING: testfixture.u_Bicubic.u_div.DWF_div_uns: Division by zero
WARNING: testfixture.u_Bicubic.u_div.DWF_rem_uns: Division by zero
WARNING: testfixture.u_Bicubic.u_div.DWF_div_uns: Division by zero
WARNING: testfixture.u_Bicubic.u_div.DWF_rem_uns: Division by zero
WARNING: testfixture.u_Bicubic.u_div.DWF_div_uns: Division by zero
WARNING: testfixture.u_Bicubic.u_div.DWF_rem_uns: Division by zero
WARNING: testfixture.u_Bicubic.u_div.DWF_div_uns: Division by zero
WARNING: testfixture.u_Bicubic.u_div.DWF_rem_uns: Division by zero
WARNING: testfixture.u_Bicubic.u_div.DWF_div_uns: Division by zero
WARNING: testfixture.u_Bicubic.u_div.DWF_rem_uns: Division by zero
WARNING: testfixture.u_Bicubic.u_div.DWF_div_uns: Division by zero
WARNING: testfixture.u_Bicubic.u_div.DWF_rem_uns: Division by zero
WARNING: testfixture.u_Bicubic.u_div.DWF_div_uns: Division by zero
WARNING: testfixture.u_Bicubic.u_div.DWF_rem_uns: Division by zero
WARNING: testfixture.u_Bicubic.u_div.DWF_div_uns: Division by zero
WARNING: testfixture.u_Bicubic.u_div.DWF_rem_uns: Division by zero
WARNING: testfixture.u_Bicubic.u_div.DWF_div_uns: Division by zero
WARNING: testfixture.u_Bicubic.u_div.DWF_rem_uns: Division by zero
WARNING: testfixture.u_Bicubic.u_div.DWF_div_uns: Division by zero
WARNING: testfixture.u_Bicubic.u_div.DWF_rem_uns: Division by zero
WARNING: testfixture.u_Bicubic.u_div.DWF_div_uns: Division by zero
WARNING: testfixture.u_Bicubic.u_div.DWF_rem_uns: Division by zero
WARNING: testfixture.u_Bicubic.u_div.DWF_div_uns: Division by zero
WARNING: testfixture.u_Bicubic.u_div.DWF_rem_uns: Division by zero
WARNING: testfixture.u_Bicubic.u_div.DWF_div_uns: Division by zero
WARNING: testfixture.u_Bicubic.u_div.DWF_rem_uns: Division by zero
WARNING: testfixture.u_Bicubic.u_div.DWF_div_uns: Division by zero
WARNING: testfixture.u_Bicubic.u_div.DWF_rem_uns: Division by zero
WARNING: testfixture.u_Bicubic.u_div.DWF_div_uns: Division by zero
WARNING: testfixture.u_Bicubic.u_div.DWF_rem_uns: Division by zero
WARNING: testfixture.u_Bicubic.u_div.DWF_div_uns: Division by zero
WARNING: testfixture.u_Bicubic.u_div.DWF_rem_uns: Division by zero
WARNING: testfixture.u_Bicubic.u_div.DWF_div_uns: Division by zero
WARNING: testfixture.u_Bicubic.u_div.DWF_rem_uns: Division by zero
WARNING: testfixture.u_Bicubic.u_div.DWF_div_uns: Division by zero
WARNING: testfixture.u_Bicubic.u_div.DWF_rem_uns: Division by zero
WARNING: testfixture.u_Bicubic.u_div.DWF_div_uns: Division by zero
WARNING: testfixture.u_Bicubic.u_div.DWF_rem_uns: Division by zero
WARNING: testfixture.u_Bicubic.u_div.DWF_div_uns: Division by zero
WARNING: testfixture.u_Bicubic.u_div.DWF_rem_uns: Division by zero
WARNING: testfixture.u_Bicubic.u_div.DWF_div_uns: Division by zero
WARNING: testfixture.u_Bicubic.u_div.DWF_rem_uns: Division by zero
WARNING: testfixture.u_Bicubic.u_div.DWF_div_uns: Division by zero
WARNING: testfixture.u_Bicubic.u_div.DWF_rem_uns: Division by zero
WARNING: testfixture.u_Bicubic.u_div.DWF_div_uns: Division by zero
WARNING: testfixture.u_Bicubic.u_div.DWF_rem_uns: Division by zero
WARNING: testfixture.u_Bicubic.u_div.DWF_div_uns: Division by zero
WARNING: testfixture.u_Bicubic.u_div.DWF_rem_uns: Division by zero
WARNING: testfixture.u_Bicubic.u_div.DWF_div_uns: Division by zero
WARNING: testfixture.u_Bicubic.u_div.DWF_rem_uns: Division by zero
WARNING: testfixture.u_Bicubic.u_div.DWF_div_uns: Division by zero
WARNING: testfixture.u_Bicubic.u_div.DWF_rem_uns: Division by zero
WARNING: testfixture.u_Bicubic.u_div.DWF_div_uns: Division by zero
WARNING: testfixture.u_Bicubic.u_div.DWF_rem_uns: Division by zero
WARNING: testfixture.u_Bicubic.u_div.DWF_div_uns: Division by zero
WARNING: testfixture.u_Bicubic.u_div.DWF_rem_uns: Division by zero
WARNING: testfixture.u_Bicubic.u_div.DWF_div_uns: Division by zero
WARNING: testfixture.u_Bicubic.u_div.DWF_rem_uns: Division by zero
WARNING: testfixture.u_Bicubic.u_div.DWF_div_uns: Division by zero
WARNING: testfixture.u_Bicubic.u_div.DWF_rem_uns: Division by zero
WARNING: testfixture.u_Bicubic.u_div.DWF_div_uns: Division by zero
WARNING: testfixture.u_Bicubic.u_div.DWF_rem_uns: Division by zero
WARNING: testfixture.u_Bicubic.u_div.DWF_div_uns: Division by zero
WARNING: testfixture.u_Bicubic.u_div.DWF_rem_uns: Division by zero
WARNING: testfixture.u_Bicubic.u_div.DWF_div_uns: Division by zero
WARNING: testfixture.u_Bicubic.u_div.DWF_rem_uns: Division by zero
WARNING: testfixture.u_Bicubic.u_div.DWF_div_uns: Division by zero
WARNING: testfixture.u_Bicubic.u_div.DWF_rem_uns: Division by zero
WARNING: testfixture.u_Bicubic.u_div.DWF_div_uns: Division by zero
WARNING: testfixture.u_Bicubic.u_div.DWF_rem_uns: Division by zero
WARNING: testfixture.u_Bicubic.u_div.DWF_div_uns: Division by zero
WARNING: testfixture.u_Bicubic.u_div.DWF_rem_uns: Division by zero
WARNING: testfixture.u_Bicubic.u_div.DWF_div_uns: Division by zero
WARNING: testfixture.u_Bicubic.u_div.DWF_rem_uns: Division by zero
WARNING: testfixture.u_Bicubic.u_div.DWF_div_uns: Division by zero
WARNING: testfixture.u_Bicubic.u_div.DWF_rem_uns: Division by zero
WARNING: testfixture.u_Bicubic.u_div.DWF_div_uns: Division by zero
WARNING: testfixture.u_Bicubic.u_div.DWF_rem_uns: Division by zero
WARNING: testfixture.u_Bicubic.u_div.DWF_div_uns: Division by zero
WARNING: testfixture.u_Bicubic.u_div.DWF_rem_uns: Division by zero
WARNING: testfixture.u_Bicubic.u_div.DWF_div_uns: Division by zero
WARNING: testfixture.u_Bicubic.u_div.DWF_rem_uns: Division by zero
WARNING: testfixture.u_Bicubic.u_div.DWF_div_uns: Division by zero
WARNING: testfixture.u_Bicubic.u_div.DWF_rem_uns: Division by zero
WARNING: testfixture.u_Bicubic.u_div.DWF_div_uns: Division by zero
WARNING: testfixture.u_Bicubic.u_div.DWF_rem_uns: Division by zero
WARNING: testfixture.u_Bicubic.u_div.DWF_div_uns: Division by zero
WARNING: testfixture.u_Bicubic.u_div.DWF_rem_uns: Division by zero
WARNING: testfixture.u_Bicubic.u_div.DWF_div_uns: Division by zero
WARNING: testfixture.u_Bicubic.u_div.DWF_rem_uns: Division by zero
WARNING: testfixture.u_Bicubic.u_div.DWF_div_uns: Division by zero
WARNING: testfixture.u_Bicubic.u_div.DWF_rem_uns: Division by zero
WARNING: testfixture.u_Bicubic.u_div.DWF_div_uns: Division by zero
WARNING: testfixture.u_Bicubic.u_div.DWF_rem_uns: Division by zero
WARNING: testfixture.u_Bicubic.u_div.DWF_div_uns: Division by zero
WARNING: testfixture.u_Bicubic.u_div.DWF_rem_uns: Division by zero
WARNING: testfixture.u_Bicubic.u_div.DWF_div_uns: Division by zero
WARNING: testfixture.u_Bicubic.u_div.DWF_rem_uns: Division by zero
WARNING: testfixture.u_Bicubic.u_div.DWF_div_uns: Division by zero
WARNING: testfixture.u_Bicubic.u_div.DWF_rem_uns: Division by zero
WARNING: testfixture.u_Bicubic.u_div.DWF_div_uns: Division by zero
WARNING: testfixture.u_Bicubic.u_div.DWF_rem_uns: Division by zero
WARNING: testfixture.u_Bicubic.u_div.DWF_div_uns: Division by zero
WARNING: testfixture.u_Bicubic.u_div.DWF_rem_uns: Division by zero
WARNING: testfixture.u_Bicubic.u_div.DWF_div_uns: Division by zero
WARNING: testfixture.u_Bicubic.u_div.DWF_rem_uns: Division by zero
WARNING: testfixture.u_Bicubic.u_div.DWF_div_uns: Division by zero
WARNING: testfixture.u_Bicubic.u_div.DWF_rem_uns: Division by zero
WARNING: testfixture.u_Bicubic.u_div.DWF_div_uns: Division by zero
WARNING: testfixture.u_Bicubic.u_div.DWF_rem_uns: Division by zero
WARNING: testfixture.u_Bicubic.u_div.DWF_div_uns: Division by zero
WARNING: testfixture.u_Bicubic.u_div.DWF_rem_uns: Division by zero
WARNING: testfixture.u_Bicubic.u_div.DWF_div_uns: Division by zero
WARNING: testfixture.u_Bicubic.u_div.DWF_rem_uns: Division by zero
WARNING: testfixture.u_Bicubic.u_div.DWF_div_uns: Division by zero
WARNING: testfixture.u_Bicubic.u_div.DWF_rem_uns: Division by zero
WARNING: testfixture.u_Bicubic.u_div.DWF_div_uns: Division by zero
WARNING: testfixture.u_Bicubic.u_div.DWF_rem_uns: Division by zero
WARNING: testfixture.u_Bicubic.u_div.DWF_div_uns: Division by zero
WARNING: testfixture.u_Bicubic.u_div.DWF_rem_uns: Division by zero
WARNING: testfixture.u_Bicubic.u_div.DWF_div_uns: Division by zero
WARNING: testfixture.u_Bicubic.u_div.DWF_rem_uns: Division by zero
WARNING: testfixture.u_Bicubic.u_div.DWF_div_uns: Division by zero
WARNING: testfixture.u_Bicubic.u_div.DWF_rem_uns: Division by zero
WARNING: testfixture.u_Bicubic.u_div.DWF_div_uns: Division by zero
WARNING: testfixture.u_Bicubic.u_div.DWF_rem_uns: Division by zero
WARNING: testfixture.u_Bicubic.u_div.DWF_div_uns: Division by zero
WARNING: testfixture.u_Bicubic.u_div.DWF_rem_uns: Division by zero
WARNING: testfixture.u_Bicubic.u_div.DWF_div_uns: Division by zero
WARNING: testfixture.u_Bicubic.u_div.DWF_rem_uns: Division by zero
WARNING: testfixture.u_Bicubic.u_div.DWF_div_uns: Division by zero
WARNING: testfixture.u_Bicubic.u_div.DWF_rem_uns: Division by zero
WARNING: testfixture.u_Bicubic.u_div.DWF_div_uns: Division by zero
WARNING: testfixture.u_Bicubic.u_div.DWF_rem_uns: Division by zero
WARNING: testfixture.u_Bicubic.u_div.DWF_div_uns: Division by zero
WARNING: testfixture.u_Bicubic.u_div.DWF_rem_uns: Division by zero
WARNING: testfixture.u_Bicubic.u_div.DWF_div_uns: Division by zero
WARNING: testfixture.u_Bicubic.u_div.DWF_rem_uns: Division by zero
WARNING: testfixture.u_Bicubic.u_div.DWF_div_uns: Division by zero
WARNING: testfixture.u_Bicubic.u_div.DWF_rem_uns: Division by zero
WARNING: testfixture.u_Bicubic.u_div.DWF_div_uns: Division by zero
WARNING: testfixture.u_Bicubic.u_div.DWF_rem_uns: Division by zero
WARNING: testfixture.u_Bicubic.u_div.DWF_div_uns: Division by zero
WARNING: testfixture.u_Bicubic.u_div.DWF_rem_uns: Division by zero
WARNING: testfixture.u_Bicubic.u_div.DWF_div_uns: Division by zero
WARNING: testfixture.u_Bicubic.u_div.DWF_rem_uns: Division by zero
WARNING: testfixture.u_Bicubic.u_div.DWF_div_uns: Division by zero
WARNING: testfixture.u_Bicubic.u_div.DWF_rem_uns: Division by zero
WARNING: testfixture.u_Bicubic.u_div.DWF_div_uns: Division by zero
WARNING: testfixture.u_Bicubic.u_div.DWF_rem_uns: Division by zero
WARNING: testfixture.u_Bicubic.u_div.DWF_div_uns: Division by zero
WARNING: testfixture.u_Bicubic.u_div.DWF_rem_uns: Division by zero
WARNING: testfixture.u_Bicubic.u_div.DWF_div_uns: Division by zero
WARNING: testfixture.u_Bicubic.u_div.DWF_rem_uns: Division by zero
WARNING: testfixture.u_Bicubic.u_div.DWF_div_uns: Division by zero
WARNING: testfixture.u_Bicubic.u_div.DWF_rem_uns: Division by zero
WARNING: testfixture.u_Bicubic.u_div.DWF_div_uns: Division by zero
WARNING: testfixture.u_Bicubic.u_div.DWF_rem_uns: Division by zero
WARNING: testfixture.u_Bicubic.u_div.DWF_div_uns: Division by zero
WARNING: testfixture.u_Bicubic.u_div.DWF_rem_uns: Division by zero
WARNING: testfixture.u_Bicubic.u_div.DWF_div_uns: Division by zero
WARNING: testfixture.u_Bicubic.u_div.DWF_rem_uns: Division by zero
WARNING: testfixture.u_Bicubic.u_div.DWF_div_uns: Division by zero
WARNING: testfixture.u_Bicubic.u_div.DWF_rem_uns: Division by zero
WARNING: testfixture.u_Bicubic.u_div.DWF_div_uns: Division by zero
WARNING: testfixture.u_Bicubic.u_div.DWF_rem_uns: Division by zero
WARNING: testfixture.u_Bicubic.u_div.DWF_div_uns: Division by zero
WARNING: testfixture.u_Bicubic.u_div.DWF_rem_uns: Division by zero
WARNING: testfixture.u_Bicubic.u_div.DWF_div_uns: Division by zero
WARNING: testfixture.u_Bicubic.u_div.DWF_rem_uns: Division by zero
WARNING: testfixture.u_Bicubic.u_div.DWF_div_uns: Division by zero
WARNING: testfixture.u_Bicubic.u_div.DWF_rem_uns: Division by zero
WARNING: testfixture.u_Bicubic.u_div.DWF_div_uns: Division by zero
WARNING: testfixture.u_Bicubic.u_div.DWF_rem_uns: Division by zero
WARNING: testfixture.u_Bicubic.u_div.DWF_div_uns: Division by zero
WARNING: testfixture.u_Bicubic.u_div.DWF_rem_uns: Division by zero
WARNING: testfixture.u_Bicubic.u_div.DWF_div_uns: Division by zero
WARNING: testfixture.u_Bicubic.u_div.DWF_rem_uns: Division by zero
WARNING: testfixture.u_Bicubic.u_div.DWF_div_uns: Division by zero
WARNING: testfixture.u_Bicubic.u_div.DWF_rem_uns: Division by zero
WARNING: testfixture.u_Bicubic.u_div.DWF_div_uns: Division by zero
WARNING: testfixture.u_Bicubic.u_div.DWF_rem_uns: Division by zero
WARNING: testfixture.u_Bicubic.u_div.DWF_div_uns: Division by zero
WARNING: testfixture.u_Bicubic.u_div.DWF_rem_uns: Division by zero
WARNING: testfixture.u_Bicubic.u_div.DWF_div_uns: Division by zero
WARNING: testfixture.u_Bicubic.u_div.DWF_rem_uns: Division by zero
WARNING: testfixture.u_Bicubic.u_div.DWF_div_uns: Division by zero
WARNING: testfixture.u_Bicubic.u_div.DWF_rem_uns: Division by zero
WARNING: testfixture.u_Bicubic.u_div.DWF_div_uns: Division by zero
WARNING: testfixture.u_Bicubic.u_div.DWF_rem_uns: Division by zero
WARNING: testfixture.u_Bicubic.u_div.DWF_div_uns: Division by zero
WARNING: testfixture.u_Bicubic.u_div.DWF_rem_uns: Division by zero
WARNING: testfixture.u_Bicubic.u_div.DWF_div_uns: Division by zero
WARNING: testfixture.u_Bicubic.u_div.DWF_rem_uns: Division by zero
WARNING: testfixture.u_Bicubic.u_div.DWF_div_uns: Division by zero
WARNING: testfixture.u_Bicubic.u_div.DWF_rem_uns: Division by zero
WARNING: testfixture.u_Bicubic.u_div.DWF_div_uns: Division by zero
WARNING: testfixture.u_Bicubic.u_div.DWF_rem_uns: Division by zero
WARNING: testfixture.u_Bicubic.u_div.DWF_div_uns: Division by zero
WARNING: testfixture.u_Bicubic.u_div.DWF_rem_uns: Division by zero
WARNING: testfixture.u_Bicubic.u_div.DWF_div_uns: Division by zero
WARNING: testfixture.u_Bicubic.u_div.DWF_rem_uns: Division by zero
WARNING: testfixture.u_Bicubic.u_div.DWF_div_uns: Division by zero
WARNING: testfixture.u_Bicubic.u_div.DWF_rem_uns: Division by zero
WARNING: testfixture.u_Bicubic.u_div.DWF_div_uns: Division by zero
WARNING: testfixture.u_Bicubic.u_div.DWF_rem_uns: Division by zero
WARNING: testfixture.u_Bicubic.u_div.DWF_div_uns: Division by zero
WARNING: testfixture.u_Bicubic.u_div.DWF_rem_uns: Division by zero
WARNING: testfixture.u_Bicubic.u_div.DWF_div_uns: Division by zero
WARNING: testfixture.u_Bicubic.u_div.DWF_rem_uns: Division by zero
WARNING: testfixture.u_Bicubic.u_div.DWF_div_uns: Division by zero
WARNING: testfixture.u_Bicubic.u_div.DWF_rem_uns: Division by zero
WARNING: testfixture.u_Bicubic.u_div.DWF_div_uns: Division by zero
WARNING: testfixture.u_Bicubic.u_div.DWF_rem_uns: Division by zero
WARNING: testfixture.u_Bicubic.u_div.DWF_div_uns: Division by zero
WARNING: testfixture.u_Bicubic.u_div.DWF_rem_uns: Division by zero
WARNING: testfixture.u_Bicubic.u_div.DWF_div_uns: Division by zero
WARNING: testfixture.u_Bicubic.u_div.DWF_rem_uns: Division by zero
WARNING: testfixture.u_Bicubic.u_div.DWF_div_uns: Division by zero
WARNING: testfixture.u_Bicubic.u_div.DWF_rem_uns: Division by zero
WARNING: testfixture.u_Bicubic.u_div.DWF_div_uns: Division by zero
WARNING: testfixture.u_Bicubic.u_div.DWF_rem_uns: Division by zero
WARNING: testfixture.u_Bicubic.u_div.DWF_div_uns: Division by zero
WARNING: testfixture.u_Bicubic.u_div.DWF_rem_uns: Division by zero
WARNING: testfixture.u_Bicubic.u_div.DWF_div_uns: Division by zero
WARNING: testfixture.u_Bicubic.u_div.DWF_rem_uns: Division by zero
WARNING: testfixture.u_Bicubic.u_div.DWF_div_uns: Division by zero
WARNING: testfixture.u_Bicubic.u_div.DWF_rem_uns: Division by zero
WARNING: testfixture.u_Bicubic.u_div.DWF_div_uns: Division by zero
WARNING: testfixture.u_Bicubic.u_div.DWF_rem_uns: Division by zero
WARNING: testfixture.u_Bicubic.u_div.DWF_div_uns: Division by zero
WARNING: testfixture.u_Bicubic.u_div.DWF_rem_uns: Division by zero
WARNING: testfixture.u_Bicubic.u_div.DWF_div_uns: Division by zero
WARNING: testfixture.u_Bicubic.u_div.DWF_rem_uns: Division by zero
WARNING: testfixture.u_Bicubic.u_div.DWF_div_uns: Division by zero
WARNING: testfixture.u_Bicubic.u_div.DWF_rem_uns: Division by zero
WARNING: testfixture.u_Bicubic.u_div.DWF_div_uns: Division by zero
WARNING: testfixture.u_Bicubic.u_div.DWF_rem_uns: Division by zero
WARNING: testfixture.u_Bicubic.u_div.DWF_div_uns: Division by zero
WARNING: testfixture.u_Bicubic.u_div.DWF_rem_uns: Division by zero
WARNING: testfixture.u_Bicubic.u_div.DWF_div_uns: Division by zero
WARNING: testfixture.u_Bicubic.u_div.DWF_rem_uns: Division by zero
WARNING: testfixture.u_Bicubic.u_div.DWF_div_uns: Division by zero
WARNING: testfixture.u_Bicubic.u_div.DWF_rem_uns: Division by zero
WARNING: testfixture.u_Bicubic.u_div.DWF_div_uns: Division by zero
WARNING: testfixture.u_Bicubic.u_div.DWF_rem_uns: Division by zero
WARNING: testfixture.u_Bicubic.u_div.DWF_div_uns: Division by zero
WARNING: testfixture.u_Bicubic.u_div.DWF_rem_uns: Division by zero
WARNING: testfixture.u_Bicubic.u_div.DWF_div_uns: Division by zero
WARNING: testfixture.u_Bicubic.u_div.DWF_rem_uns: Division by zero
WARNING: testfixture.u_Bicubic.u_div.DWF_div_uns: Division by zero
WARNING: testfixture.u_Bicubic.u_div.DWF_rem_uns: Division by zero
WARNING: testfixture.u_Bicubic.u_div.DWF_div_uns: Division by zero
WARNING: testfixture.u_Bicubic.u_div.DWF_rem_uns: Division by zero
WARNING: testfixture.u_Bicubic.u_div.DWF_div_uns: Division by zero
WARNING: testfixture.u_Bicubic.u_div.DWF_rem_uns: Division by zero
WARNING: testfixture.u_Bicubic.u_div.DWF_div_uns: Division by zero
WARNING: testfixture.u_Bicubic.u_div.DWF_rem_uns: Division by zero
WARNING: testfixture.u_Bicubic.u_div.DWF_div_uns: Division by zero
WARNING: testfixture.u_Bicubic.u_div.DWF_rem_uns: Division by zero
WARNING: testfixture.u_Bicubic.u_div.DWF_div_uns: Division by zero
WARNING: testfixture.u_Bicubic.u_div.DWF_rem_uns: Division by zero
WARNING: testfixture.u_Bicubic.u_div.DWF_div_uns: Division by zero
WARNING: testfixture.u_Bicubic.u_div.DWF_rem_uns: Division by zero
WARNING: testfixture.u_Bicubic.u_div.DWF_div_uns: Division by zero
WARNING: testfixture.u_Bicubic.u_div.DWF_rem_uns: Division by zero
WARNING: testfixture.u_Bicubic.u_div.DWF_div_uns: Division by zero
WARNING: testfixture.u_Bicubic.u_div.DWF_rem_uns: Division by zero
WARNING: testfixture.u_Bicubic.u_div.DWF_div_uns: Division by zero
WARNING: testfixture.u_Bicubic.u_div.DWF_rem_uns: Division by zero
WARNING: testfixture.u_Bicubic.u_div.DWF_div_uns: Division by zero
WARNING: testfixture.u_Bicubic.u_div.DWF_rem_uns: Division by zero
WARNING: testfixture.u_Bicubic.u_div.DWF_div_uns: Division by zero
WARNING: testfixture.u_Bicubic.u_div.DWF_rem_uns: Division by zero
WARNING: testfixture.u_Bicubic.u_div.DWF_div_uns: Division by zero
WARNING: testfixture.u_Bicubic.u_div.DWF_rem_uns: Division by zero
WARNING: testfixture.u_Bicubic.u_div.DWF_div_uns: Division by zero
WARNING: testfixture.u_Bicubic.u_div.DWF_rem_uns: Division by zero
WARNING: testfixture.u_Bicubic.u_div.DWF_div_uns: Division by zero
WARNING: testfixture.u_Bicubic.u_div.DWF_rem_uns: Division by zero
WARNING: testfixture.u_Bicubic.u_div.DWF_div_uns: Division by zero
WARNING: testfixture.u_Bicubic.u_div.DWF_rem_uns: Division by zero
WARNING: testfixture.u_Bicubic.u_div.DWF_div_uns: Division by zero
WARNING: testfixture.u_Bicubic.u_div.DWF_rem_uns: Division by zero
WARNING: testfixture.u_Bicubic.u_div.DWF_div_uns: Division by zero
WARNING: testfixture.u_Bicubic.u_div.DWF_rem_uns: Division by zero
WARNING: testfixture.u_Bicubic.u_div.DWF_div_uns: Division by zero
WARNING: testfixture.u_Bicubic.u_div.DWF_rem_uns: Division by zero
WARNING: testfixture.u_Bicubic.u_div.DWF_div_uns: Division by zero
WARNING: testfixture.u_Bicubic.u_div.DWF_rem_uns: Division by zero
WARNING: testfixture.u_Bicubic.u_div.DWF_div_uns: Division by zero
WARNING: testfixture.u_Bicubic.u_div.DWF_rem_uns: Division by zero
---- orgin ( 10 ,  68), size  13 x  13
  [1;34m  0[0m[1;34m  1[0m[1;34m  2[0m[1;34m  3[0m[1;34m  4[0m[1;34m  5[0m[1;34m  6[0m[1;34m  7[0m[1;34m  8[0m[1;34m  9[0m[1;34m 10[0m[1;34m 11[0m[1;34m 12[0m
[1;34m 0[0m 3f 4c 4c 4f 4f 4f 3a 36 4f 4e 4c 4b 4a
[1;34m 1[0m 4c 0f 1c 4e 4f 4f 38 35 4e 4d 4d 4b 4a
[1;34m 2[0m 4a 3a 49 4a 4e 4e 38 35 4d 4c 4c 4b 4a
[1;34m 3[0m 49 4a 0c 02 45 46 32 2f 45 44 43 43 42
[1;34m 4[0m 48 4a 3b 76 06 22 19 19 22 20 20 20 1f
[1;34m 5[0m 46 49 49 1c 22 4b 36 34 4c 4c 4b 4b 4a
[1;34m 6[0m 2a 46 49 4a 26 16 35 32 4c 4c 4b 4b 4a
[1;34m 7[0m 46 44 46 49 40 50 16 32 4b 4b 4b 4b 4a
[1;34m 8[0m bb 06 46 46 48 2c 5c 27 4b 4a 4a 4b 4a
[1;34m 9[0m ab 99 2a 46 46 48 13 3e 48 4a 4a 4a 4a
[1;34m10[0m 51 bc 5e 3c 46 46 46 1a 13 4a 4a 4a 4a
[1;34m11[0m 1a 7c bd 27 45 46 46 46 1c 01 4a 4a 49
[1;34m12[0m 1c 30 b0 bc 06 46 46 46 44 32 06 4a 49
---- resize  19 x  19
  [1;34m  0[0m[1;34m  1[0m[1;34m  2[0m[1;34m  3[0m[1;34m  4[0m[1;34m  5[0m[1;34m  6[0m[1;34m  7[0m[1;34m  8[0m[1;34m  9[0m[1;34m 10[0m[1;34m 11[0m[1;34m 12[0m[1;34m 13[0m[1;34m 14[0m[1;34m 15[0m[1;34m 16[0m[1;34m 17[0m[1;34m 18[0m
[1;34m 0[0m 3f 48 4d 4c 4e 4f 4f 51 49 3a 35 3d 4f 4f 4d 4c 4b 4b 4a
[1;34m 1[0m[1;31m 4c[0m[1;31m 20[0m[1;31m 0c[0m[1;31m 1c[0m[1;31m 40[0m 52 4f 51 48[1;31m 38[0m[1;31m 33[0m 3c 4e 4e 4d 4d 4c 4b 4a
[1;34m 2[0m[1;31m xx[0m[1;31m xx[0m[1;31m xx[0m[1;31m xx[0m[1;31m xx[0m[1;31m xx[0m[1;31m xx[0m[1;31m xx[0m[1;31m xx[0m[1;31m xx[0m[1;31m xx[0m[1;31m xx[0m[1;31m xx[0m[1;31m xx[0m[1;31m xx[0m[1;31m xx[0m[1;31m xx[0m[1;31m xx[0m[1;31m xx[0m
[1;34m 3[0m 4a 3e 3d 49 4a 4b 4e 50 48 38 33 3c 4d 4d 4c 4c 4b 4b 4a
[1;34m 4[0m 49[1;31m 4e[0m[1;31m 38[0m[1;31m 0c[0m[1;31m fe[0m[1;31m 15[0m[1;31m 45[0m[1;31m 4a[0m[1;31m 40[0m[1;31m 32[0m[1;31m 2e[0m[1;31m 35[0m[1;31m 45[0m[1;31m 45[0m[1;31m 44[0m[1;31m 43[0m[1;31m 43[0m[1;31m 43[0m[1;31m 42[0m
[1;34m 5[0m[1;31m xx[0m[1;31m xx[0m[1;31m xx[0m[1;31m xx[0m[1;31m xx[0m[1;31m xx[0m[1;31m xx[0m[1;31m xx[0m[1;31m xx[0m[1;31m xx[0m[1;31m xx[0m[1;31m xx[0m[1;31m xx[0m[1;31m xx[0m[1;31m xx[0m[1;31m xx[0m[1;31m xx[0m[1;31m xx[0m[1;31m xx[0m
[1;34m 6[0m 48 4b 44 3b 6c 58 06 16 21 19 18 1c 22 21 20 20 20 20 1f
[1;34m 7[0m[1;31m 46[0m[1;31m 4a[0m[1;31m 4b[0m[1;31m 49[0m[1;31m 29[0m[1;31m 19[0m[1;31m 22[0m[1;31m 41[0m[1;31m 48[0m[1;31m 36[0m[1;31m 32[0m[1;31m 3b[0m[1;31m 4c[0m[1;31m 4d[0m[1;31m 4c[0m[1;31m 4b[0m[1;31m 4b[0m[1;31m 4b[0m[1;31m 4a[0m
[1;34m 8[0m[1;31m xx[0m[1;31m xx[0m[1;31m xx[0m[1;31m xx[0m[1;31m xx[0m[1;31m xx[0m[1;31m xx[0m[1;31m xx[0m[1;31m xx[0m[1;31m xx[0m[1;31m xx[0m[1;31m xx[0m[1;31m xx[0m[1;31m xx[0m[1;31m xx[0m[1;31m xx[0m[1;31m xx[0m[1;31m xx[0m[1;31m xx[0m
[1;34m 9[0m 2a 39 49 49 4c 40 26 17 1e 35 32 39 4c 4d 4c 4b 4b 4b 4a
[1;34m10[0m[1;31m 46[0m[1;31m 40[0m[1;31m 44[0m[1;31m 46[0m[1;31m 49[0m 46[1;31m 40[0m[1;31m 4f[0m[1;31m 3f[0m[1;31m 16[0m[1;31m 26[0m 3b 4b 4c 4b 4b 4b 4b 4a
[1;34m11[0m[1;31m xx[0m[1;31m xx[0m[1;31m xx[0m[1;31m xx[0m[1;31m xx[0m[1;31m xx[0m[1;31m xx[0m[1;31m xx[0m[1;31m xx[0m[1;31m xx[0m[1;31m xx[0m[1;31m xx[0m[1;31m xx[0m[1;31m xx[0m[1;31m xx[0m[1;31m xx[0m[1;31m xx[0m[1;31m xx[0m[1;31m xx[0m
[1;34m12[0m bb 38 0c 46 48 48 48 31 3a 5c 36 2e 4b 4c 4a 4a 4b 4b 4a
[1;34m13[0m[1;31m ab[0m[1;31m ab[0m[1;31m 76[0m[1;31m 2a[0m[1;31m 3a[0m[1;31m 48[0m[1;31m 46[0m[1;31m 4b[0m 37[1;31m 13[0m[1;31m 2f[0m[1;31m 44[0m[1;31m 48[0m[1;31m 4a[0m 4a 4a 4a 4a 4a
[1;34m14[0m[1;31m xx[0m[1;31m xx[0m[1;31m xx[0m[1;31m xx[0m[1;31m xx[0m[1;31m xx[0m[1;31m xx[0m[1;31m xx[0m[1;31m xx[0m[1;31m xx[0m[1;31m xx[0m[1;31m xx[0m[1;31m xx[0m[1;31m xx[0m[1;31m xx[0m[1;31m xx[0m[1;31m xx[0m[1;31m xx[0m[1;31m xx[0m
[1;34m15[0m 51 a5 a9 5e 42 3c 46 46 48 46 28 13 13 39 4e 4a 4a 4a 4a
[1;34m16[0m[1;31m 1a[0m[1;31m 5a[0m[1;31m 9c[0m[1;31m bd[0m[1;31m 54[0m[1;31m 25[0m[1;31m 45[0m[1;31m 47[0m[1;31m 46[0m[1;31m 46[0m[1;31m 49[0m[1;31m 3b[0m[1;31m 1c[0m[1;31m 02[0m[1;31m 15[0m[1;31m 4a[0m[1;31m 4d[0m 4a 49
[1;34m17[0m[1;31m xx[0m[1;31m xx[0m[1;31m xx[0m[1;31m xx[0m[1;31m xx[0m[1;31m xx[0m[1;31m xx[0m[1;31m xx[0m[1;31m xx[0m[1;31m xx[0m[1;31m xx[0m[1;31m xx[0m[1;31m xx[0m[1;31m xx[0m[1;31m xx[0m[1;31m xx[0m[1;31m xx[0m[1;31m xx[0m[1;31m xx[0m
[1;34m18[0m 1c 21 57 b0 cb 85 06 2c 4b 46 46 46 44 3b 21 06 34 4f 49
---- error count         198

********************************
**   Finish Simulation    
**   Error pixels:      198 
**   Simulation time:  38380.00 ns  
********************************
Simulation complete via $finish(1) at time 38380 NS + 0
./tb.sv:223                  $finish;
ncsim> exit
TOOL:	irun(64)	15.20-s084: Exiting on Mar 27, 2024 at 20:21:15 CST  (total: 00:00:03)
